<?xml version="1.0" encoding="UTF-8"?>
<!-- Generated by org.testng.reporters.JUnitXMLReporter -->
<testsuite ignored="0" hostname="Suryaprakashs-MacBook-Pro.local" failures="0" tests="5" name="Surefire test" time="0.678" errors="0" timestamp="2022-12-17T12:27:39 IST">
  <testcase classname="com.backend.sql.HospitalControllerTest" name="postpatient on postpatient(com.backend.sql.HospitalControllerTest)" time="0.514"/>
  <testcase classname="com.backend.sql.HospitalControllerTest" name="getAllpatient on getAllpatient(com.backend.sql.HospitalControllerTest)" time="0.515"/>
  <testcase classname="com.backend.sql.HospitalControllerTest" name="update on update(com.backend.sql.HospitalControllerTest)" time="0.517"/>
  <testcase classname="com.backend.sql.HospitalControllerTest" name="getOnepatient on getOnepatient(com.backend.sql.HospitalControllerTest)" time="0.518"/>
  <testcase classname="com.backend.sql.HospitalControllerTest" name="detuser on detuser(com.backend.sql.HospitalControllerTest)" time="0.519"/>
</testsuite> <!-- Surefire test -->
